<?xml version="1.0" encoding="UTF-8"?>
<testsuite name="tourGuide.TestPerformance" tests="1" skipped="0" failures="0" errors="0" timestamp="2022-06-17T23:33:45" hostname="LAPTOP-254B91KB" time="77.716">
  <properties/>
  <testcase name="highVolumeTrackLocation" classname="tourGuide.TestPerformance" time="77.716"/>
  <system-out><![CDATA[fr_FR
en
01:33:45.132 [Test worker] INFO tourGuide.service.TourGuideService - TestMode enabled
01:33:45.156 [Test worker] DEBUG tourGuide.service.TourGuideService - Initializing users
01:33:45.500 [Test worker] DEBUG tourGuide.service.TourGuideService - Created 1000 internal test users.
01:33:45.500 [Test worker] DEBUG tourGuide.service.TourGuideService - Finished initializing users
01:33:45.548 [pool-1-thread-1] DEBUG tourGuide.tracker.Tracker - Begin Tracker. Tracking 1000 users.
01:35:01.975 [pool-1-thread-1] DEBUG tourGuide.tracker.Tracker - Tracker Time Elapsed: 76 seconds.
01:35:01.975 [pool-1-thread-1] DEBUG tourGuide.tracker.Tracker - Tracker sleeping
highVolumeTrackLocation: Time Elapsed: 77 seconds.
]]></system-out>
  <system-err><![CDATA[Jun 18, 2022 1:33:45 AM org.javamoney.moneta.DefaultMonetaryContextFactory createMonetaryContextNonNullConfig
INFO: Using custom MathContext: precision=256, roundingMode=HALF_EVEN
]]></system-err>
</testsuite>
